c:\users\intot\opengl_1\opengl_1\x64\debug\vc143.pdb
c:\users\intot\opengl_1\opengl_1\x64\debug\vc143.idb
c:\users\intot\opengl_1\opengl_1\x64\debug\main.obj
c:\users\intot\opengl_1\opengl_1\x64\debug\glwindow.obj
c:\users\intot\opengl_1\opengl_1\x64\debug\vertexbuffer.obj
c:\users\intot\opengl_1\opengl_1\x64\debug\vertexarray.obj
c:\users\intot\opengl_1\opengl_1\x64\debug\shader.obj
c:\users\intot\opengl_1\opengl_1\x64\debug\vertexshader.obj
c:\users\intot\opengl_1\opengl_1\x64\debug\fragmentshader.obj
c:\users\intot\opengl_1\opengl_1\x64\debug\stb_image.obj
c:\users\intot\opengl_1\opengl_1\x64\debug\indexbuffer.obj
c:\users\intot\opengl_1\opengl_1\x64\debug\vertexbufferlayout.obj
c:\users\intot\opengl_1\opengl_1\x64\debug\renderer.obj
c:\users\intot\opengl_1\x64\debug\opengl_1.pdb
c:\users\intot\opengl_1\opengl_1\x64\debug\opengl_1.tlog\cl.command.1.tlog
c:\users\intot\opengl_1\opengl_1\x64\debug\opengl_1.tlog\cl.read.1.tlog
c:\users\intot\opengl_1\opengl_1\x64\debug\opengl_1.tlog\cl.write.1.tlog
c:\users\intot\opengl_1\opengl_1\x64\debug\opengl_1.tlog\link-cvtres.read.1.tlog
c:\users\intot\opengl_1\opengl_1\x64\debug\opengl_1.tlog\link-cvtres.write.1.tlog
c:\users\intot\opengl_1\opengl_1\x64\debug\opengl_1.tlog\link-rc.read.1.tlog
c:\users\intot\opengl_1\opengl_1\x64\debug\opengl_1.tlog\link-rc.write.1.tlog
c:\users\intot\opengl_1\opengl_1\x64\debug\opengl_1.tlog\link.36428-cvtres.read.1.tlog
c:\users\intot\opengl_1\opengl_1\x64\debug\opengl_1.tlog\link.36428-cvtres.write.1.tlog
c:\users\intot\opengl_1\opengl_1\x64\debug\opengl_1.tlog\link.36428-rc.read.1.tlog
c:\users\intot\opengl_1\opengl_1\x64\debug\opengl_1.tlog\link.36428-rc.write.1.tlog
c:\users\intot\opengl_1\opengl_1\x64\debug\opengl_1.tlog\link.36428.read.1.tlog
c:\users\intot\opengl_1\opengl_1\x64\debug\opengl_1.tlog\link.36428.read.2.tlog
c:\users\intot\opengl_1\opengl_1\x64\debug\opengl_1.tlog\link.36428.write.1.tlog
c:\users\intot\opengl_1\opengl_1\x64\debug\opengl_1.tlog\link.command.1.tlog
c:\users\intot\opengl_1\opengl_1\x64\debug\opengl_1.tlog\link.read.1.tlog
c:\users\intot\opengl_1\opengl_1\x64\debug\opengl_1.tlog\link.read.2.tlog
c:\users\intot\opengl_1\opengl_1\x64\debug\opengl_1.tlog\link.write.1.tlog
