  main.cpp
C:\Users\intot\OpenGL_1\OpenGL_1\include\test\Test.hpp(13,21): warning C4227: anachronism used: qualifiers on reference are ignored
C:\Users\intot\OpenGL_1\OpenGL_1\include\Mesh.hpp(29,61): warning C4267: 'return': conversion from 'size_t' to 'unsigned int', possible loss of data
C:\Users\intot\OpenGL_1\OpenGL_1\include\Mesh.hpp(30,61): warning C4267: 'return': conversion from 'size_t' to 'unsigned int', possible loss of data
C:\Users\intot\OpenGL_1\OpenGL_1\main.cpp(142,12): warning C4930: 'Camera camera(void)': prototyped function not called (was a variable definition intended?)
  VertexBuffer.cpp
C:\Users\intot\OpenGL_1\OpenGL_1\include\Mesh.hpp(29,61): warning C4267: 'return': conversion from 'size_t' to 'unsigned int', possible loss of data
C:\Users\intot\OpenGL_1\OpenGL_1\include\Mesh.hpp(30,61): warning C4267: 'return': conversion from 'size_t' to 'unsigned int', possible loss of data
C:\Users\intot\OpenGL_1\OpenGL_1\source\buffers\VertexBuffer.cpp(17,36): warning C4244: 'argument': conversion from 'GLfloat' to 'GLintptr', possible loss of data
  Cubex.cpp
C:\Users\intot\OpenGL_1\OpenGL_1\include\Mesh.hpp(29,61): warning C4267: 'return': conversion from 'size_t' to 'unsigned int', possible loss of data
C:\Users\intot\OpenGL_1\OpenGL_1\include\Mesh.hpp(30,61): warning C4267: 'return': conversion from 'size_t' to 'unsigned int', possible loss of data
  Object.cpp
C:\Users\intot\OpenGL_1\OpenGL_1\include\Mesh.hpp(29,61): warning C4267: 'return': conversion from 'size_t' to 'unsigned int', possible loss of data
C:\Users\intot\OpenGL_1\OpenGL_1\include\Mesh.hpp(30,61): warning C4267: 'return': conversion from 'size_t' to 'unsigned int', possible loss of data
  Plane.cpp
C:\Users\intot\OpenGL_1\OpenGL_1\include\Mesh.hpp(29,61): warning C4267: 'return': conversion from 'size_t' to 'unsigned int', possible loss of data
C:\Users\intot\OpenGL_1\OpenGL_1\include\Mesh.hpp(30,61): warning C4267: 'return': conversion from 'size_t' to 'unsigned int', possible loss of data
  Scene.cpp
C:\Users\intot\OpenGL_1\OpenGL_1\include\Mesh.hpp(29,61): warning C4267: 'return': conversion from 'size_t' to 'unsigned int', possible loss of data
C:\Users\intot\OpenGL_1\OpenGL_1\include\Mesh.hpp(30,61): warning C4267: 'return': conversion from 'size_t' to 'unsigned int', possible loss of data
C:\Users\intot\OpenGL_1\OpenGL_1\source\Scene.cpp(10,50): warning C4244: 'argument': conversion from 'GLsizeiptr' to 'const GLuint', possible loss of data
C:\Users\intot\OpenGL_1\OpenGL_1\source\Scene.cpp(23,51): warning C4267: 'argument': conversion from 'size_t' to 'const GLuint', possible loss of data
C:\Users\intot\OpenGL_1\OpenGL_1\source\Scene.cpp(52,2): warning C4002: too many arguments for function-like macro invocation 'assert'
C:\Users\intot\OpenGL_1\OpenGL_1\source\Scene.cpp(53,26): warning C4244: 'argument': conversion from 'GLsizeiptr' to 'unsigned int', possible loss of data
C:\Users\intot\OpenGL_1\OpenGL_1\source\Scene.cpp(63,45): warning C4244: 'argument': conversion from 'GLsizeiptr' to 'unsigned int', possible loss of data
  Sphere.cpp
C:\Users\intot\OpenGL_1\OpenGL_1\include\Mesh.hpp(29,61): warning C4267: 'return': conversion from 'size_t' to 'unsigned int', possible loss of data
C:\Users\intot\OpenGL_1\OpenGL_1\include\Mesh.hpp(30,61): warning C4267: 'return': conversion from 'size_t' to 'unsigned int', possible loss of data
C:\Users\intot\OpenGL_1\OpenGL_1\source\Sphere.cpp(59,12): warning C4244: '=': conversion from 'int' to 'float', possible loss of data
C:\Users\intot\OpenGL_1\OpenGL_1\source\Sphere.cpp(65,14): warning C4244: 'initializing': conversion from 'float' to 'int', possible loss of data
C:\Users\intot\OpenGL_1\OpenGL_1\source\Sphere.cpp(66,15): warning C4244: 'initializing': conversion from 'float' to 'int', possible loss of data
C:\Users\intot\OpenGL_1\OpenGL_1\source\Sphere.cpp(68,16): warning C4244: 'initializing': conversion from 'int' to 'float', possible loss of data
  Cube.cpp
C:\Users\intot\OpenGL_1\OpenGL_1\include\test\Test.hpp(13,21): warning C4227: anachronism used: qualifiers on reference are ignored
C:\Users\intot\OpenGL_1\OpenGL_1\include\Mesh.hpp(29,61): warning C4267: 'return': conversion from 'size_t' to 'unsigned int', possible loss of data
C:\Users\intot\OpenGL_1\OpenGL_1\include\Mesh.hpp(30,61): warning C4267: 'return': conversion from 'size_t' to 'unsigned int', possible loss of data
C:\Users\intot\OpenGL_1\OpenGL_1\source\test\Cube.cpp(133,22): warning C4244: 'initializing': conversion from 'double' to 'float', possible loss of data
C:\Users\intot\OpenGL_1\OpenGL_1\source\test\Cube.cpp(134,15): warning C4244: 'initializing': conversion from 'double' to 'float', possible loss of data
C:\Users\intot\OpenGL_1\OpenGL_1\source\test\Cube.cpp(135,22): warning C4244: '=': conversion from 'double' to 'float', possible loss of data
  Jaw.cpp
C:\Users\intot\OpenGL_1\OpenGL_1\include\Mesh.hpp(29,61): warning C4267: 'return': conversion from 'size_t' to 'unsigned int', possible loss of data
C:\Users\intot\OpenGL_1\OpenGL_1\include\Mesh.hpp(30,61): warning C4267: 'return': conversion from 'size_t' to 'unsigned int', possible loss of data
C:\Users\intot\OpenGL_1\OpenGL_1\source\Jaw.cpp(119,15): warning C4244: 'initializing': conversion from 'unsigned int' to 'float', possible loss of data
C:\Users\intot\OpenGL_1\OpenGL_1\source\Jaw.cpp(120,35): warning C4244: 'argument': conversion from 'float' to 'GLintptr', possible loss of data
  Scenery.cpp
C:\Users\intot\OpenGL_1\OpenGL_1\include\test\Test.hpp(13,21): warning C4227: anachronism used: qualifiers on reference are ignored
C:\Users\intot\OpenGL_1\OpenGL_1\include\Mesh.hpp(29,61): warning C4267: 'return': conversion from 'size_t' to 'unsigned int', possible loss of data
C:\Users\intot\OpenGL_1\OpenGL_1\include\Mesh.hpp(30,61): warning C4267: 'return': conversion from 'size_t' to 'unsigned int', possible loss of data
C:\Users\intot\OpenGL_1\OpenGL_1\source\test\Scenery.cpp(46,22): warning C4244: 'initializing': conversion from 'double' to 'float', possible loss of data
C:\Users\intot\OpenGL_1\OpenGL_1\source\test\Scenery.cpp(47,19): warning C4244: 'initializing': conversion from 'double' to 'float', possible loss of data
C:\Users\intot\OpenGL_1\OpenGL_1\source\test\Scenery.cpp(48,22): warning C4244: '=': conversion from 'double' to 'float', possible loss of data
  Transform.cpp
C:\Users\intot\OpenGL_1\OpenGL_1\include\Mesh.hpp(29,61): warning C4267: 'return': conversion from 'size_t' to 'unsigned int', possible loss of data
C:\Users\intot\OpenGL_1\OpenGL_1\include\Mesh.hpp(30,61): warning C4267: 'return': conversion from 'size_t' to 'unsigned int', possible loss of data
  Generating Code...
glew32s.lib(glew.obj) : warning LNK4099: PDB '' was not found with 'glew32s.lib(glew.obj)' or at ''; linking object as if no debug info
LINK : warning LNK4098: defaultlib 'MSVCRT' conflicts with use of other libs; use /NODEFAULTLIB:library
LINK : warning LNK4098: defaultlib 'LIBCMT' conflicts with use of other libs; use /NODEFAULTLIB:library
  OpenGL_1.vcxproj -> C:\Users\intot\OpenGL_1\x64\Debug\OpenGL_1.exe
